<?xml version="1.0" encoding="UTF-8"?>
<!-- Generated by org.testng.reporters.JUnitReportReporter -->
<testsuite hostname="LAPTOP-M47N8GUE" failures="0" tests="1" name="Pack1.Screenshot" time="9.293" errors="0" timestamp="2023-02-28T01:58:45 IST" skipped="0">
  <testcase classname="Pack1.Screenshot" name="t2" time="9.293"/>
  <system-out/>
</testsuite> <!-- Pack1.Screenshot -->
