<?xml version="1.0" encoding="UTF-8"?>
<!-- Generated by org.testng.reporters.JUnitReportReporter -->
<testsuite hostname="LAPTOP-M47N8GUE" failures="0" tests="1" name="Pack2.C4" time="7.967" errors="0" timestamp="2023-03-04T02:08:19 IST" skipped="0">
  <testcase classname="Pack2.C4" name="t3" time="7.967"/>
  <system-out/>
</testsuite> <!-- Pack2.C4 -->
