<?xml version="1.0" encoding="UTF-8"?>
<!-- Generated by org.testng.reporters.JUnitReportReporter -->
<testsuite hostname="LAPTOP-M47N8GUE" failures="0" tests="1" name="Pack2.C5" time="9.348" errors="0" timestamp="2023-03-04T02:08:07 IST" skipped="0">
  <testcase classname="Pack2.C5" name="t4" time="9.348"/>
  <system-out/>
</testsuite> <!-- Pack2.C5 -->
