<?xml version="1.0" encoding="UTF-8"?>
<!-- Generated by org.testng.reporters.JUnitReportReporter -->
<testsuite hostname="LAPTOP-M47N8GUE" failures="0" tests="1" name="Pack1.C3" time="8.548" errors="0" timestamp="2023-03-04T02:11:55 IST" skipped="0">
  <testcase classname="Pack1.C3" name="t2" time="8.548"/>
  <system-out/>
</testsuite> <!-- Pack1.C3 -->
