<?xml version="1.0" encoding="UTF-8"?>
<!-- Generated by org.testng.reporters.JUnitReportReporter -->
<testsuite hostname="LAPTOP-M47N8GUE" failures="0" tests="1" name="Pack1.c1" time="7.145" errors="0" timestamp="2023-03-04T02:11:55 IST" skipped="0">
  <testcase classname="Pack1.c1" name="t0" time="7.145"/>
  <system-out/>
</testsuite> <!-- Pack1.c1 -->
